{"numFailedTestSuites":1,"numFailedTests":3,"numPassedTestSuites":1,"numPassedTests":2,"numPendingTestSuites":0,"numPendingTests":0,"numRuntimeErrorTestSuites":0,"numTodoTests":0,"numTotalTestSuites":2,"numTotalTests":5,"openHandles":[],"snapshot":{"added":0,"didUpdate":false,"failure":false,"filesAdded":0,"filesRemoved":0,"filesRemovedList":[],"filesUnmatched":0,"filesUpdated":0,"matched":0,"total":0,"unchecked":0,"uncheckedKeysByFile":[],"unmatched":0,"updated":0},"startTime":1772974338296,"success":false,"testResults":[{"assertionResults":[{"ancestorTitles":["Telemetry API Engine"],"duration":647,"failing":false,"failureDetails":[],"failureMessages":[],"fullName":"Telemetry API Engine Should penalize TAB_SWITCH accurately and create an ExamSession if it does not exist","invocations":1,"location":null,"numPassingAsserts":9,"retryReasons":[],"startAt":1772974341080,"status":"passed","title":"Should penalize TAB_SWITCH accurately and create an ExamSession if it does not exist"},{"ancestorTitles":["Telemetry API Engine"],"duration":203,"failing":false,"failureDetails":[],"failureMessages":[],"fullName":"Telemetry API Engine Should verify cryptographic chain linking sequentially between two events","invocations":1,"location":null,"numPassingAsserts":3,"retryReasons":[],"startAt":1772974341728,"status":"passed","title":"Should verify cryptographic chain linking sequentially between two events"}],"endTime":1772974342380,"message":"","name":"C:\\Users\\KEERTHIKA\\Downloads\\unified-assessment-platform-release_01\\unified-assessment-platform-release_01\\backend\\tests\\telemetry.test.js","startTime":1772974338660,"status":"passed","summary":""},{"assertionResults":[{"ancestorTitles":["Analytics API Engine (Collusion Graph)"],"duration":963,"failing":false,"failureDetails":[{"matcherResult":{"actual":500,"expected":200,"message":"\u001b[2mexpect(\u001b[22m\u001b[31mreceived\u001b[39m\u001b[2m).\u001b[22mtoBe\u001b[2m(\u001b[22m\u001b[32mexpected\u001b[39m\u001b[2m) // Object.is equality\u001b[22m\n\nExpected: \u001b[32m200\u001b[39m\nReceived: \u001b[31m500\u001b[39m","name":"toBe","pass":false}}],"failureMessages":["Error: \u001b[2mexpect(\u001b[22m\u001b[31mreceived\u001b[39m\u001b[2m).\u001b[22mtoBe\u001b[2m(\u001b[22m\u001b[32mexpected\u001b[39m\u001b[2m) // Object.is equality\u001b[22m\n\nExpected: \u001b[32m200\u001b[39m\nReceived: \u001b[31m500\u001b[39m\n    at Object.<anonymous> (C:\\Users\\KEERTHIKA\\Downloads\\unified-assessment-platform-release_01\\unified-assessment-platform-release_01\\backend\\tests\\analytics.test.js:40:32)\n    at processTicksAndRejections (node:internal/process/task_queues:105:5)"],"fullName":"Analytics API Engine (Collusion Graph) Should return an empty nodes/links array if less than 2 submissions exist","invocations":1,"location":null,"numPassingAsserts":0,"retryReasons":[],"startAt":1772974340781,"status":"failed","title":"Should return an empty nodes/links array if less than 2 submissions exist"},{"ancestorTitles":["Analytics API Engine (Collusion Graph)"],"duration":386,"failing":false,"failureDetails":[{"matcherResult":{"actual":500,"expected":200,"message":"\u001b[2mexpect(\u001b[22m\u001b[31mreceived\u001b[39m\u001b[2m).\u001b[22mtoBe\u001b[2m(\u001b[22m\u001b[32mexpected\u001b[39m\u001b[2m) // Object.is equality\u001b[22m\n\nExpected: \u001b[32m200\u001b[39m\nReceived: \u001b[31m500\u001b[39m","name":"toBe","pass":false}}],"failureMessages":["Error: \u001b[2mexpect(\u001b[22m\u001b[31mreceived\u001b[39m\u001b[2m).\u001b[22mtoBe\u001b[2m(\u001b[22m\u001b[32mexpected\u001b[39m\u001b[2m) // Object.is equality\u001b[22m\n\nExpected: \u001b[32m200\u001b[39m\nReceived: \u001b[31m500\u001b[39m\n    at Object.<anonymous> (C:\\Users\\KEERTHIKA\\Downloads\\unified-assessment-platform-release_01\\unified-assessment-platform-release_01\\backend\\tests\\analytics.test.js:63:32)\n    at processTicksAndRejections (node:internal/process/task_queues:105:5)"],"fullName":"Analytics API Engine (Collusion Graph) Should accurately detect collusion (Jaccard > 85%) on matching answers","invocations":1,"location":null,"numPassingAsserts":0,"retryReasons":[],"startAt":1772974341746,"status":"failed","title":"Should accurately detect collusion (Jaccard > 85%) on matching answers"},{"ancestorTitles":["Analytics API Engine (Collusion Graph)"],"duration":356,"failing":false,"failureDetails":[{"matcherResult":{"actual":500,"expected":200,"message":"\u001b[2mexpect(\u001b[22m\u001b[31mreceived\u001b[39m\u001b[2m).\u001b[22mtoBe\u001b[2m(\u001b[22m\u001b[32mexpected\u001b[39m\u001b[2m) // Object.is equality\u001b[22m\n\nExpected: \u001b[32m200\u001b[39m\nReceived: \u001b[31m500\u001b[39m","name":"toBe","pass":false}}],"failureMessages":["Error: \u001b[2mexpect(\u001b[22m\u001b[31mreceived\u001b[39m\u001b[2m).\u001b[22mtoBe\u001b[2m(\u001b[22m\u001b[32mexpected\u001b[39m\u001b[2m) // Object.is equality\u001b[22m\n\nExpected: \u001b[32m200\u001b[39m\nReceived: \u001b[31m500\u001b[39m\n    at Object.<anonymous> (C:\\Users\\KEERTHIKA\\Downloads\\unified-assessment-platform-release_01\\unified-assessment-platform-release_01\\backend\\tests\\analytics.test.js:92:32)\n    at processTicksAndRejections (node:internal/process/task_queues:105:5)"],"fullName":"Analytics API Engine (Collusion Graph) Should NOT link students if Jaccard similarity is low","invocations":1,"location":null,"numPassingAsserts":0,"retryReasons":[],"startAt":1772974342133,"status":"failed","title":"Should NOT link students if Jaccard similarity is low"}],"endTime":1772974342899,"message":"\u001b[1m\u001b[31m  \u001b[1m● \u001b[22m\u001b[1mAnalytics API Engine (Collusion Graph) › Should return an empty nodes/links array if less than 2 submissions exist\u001b[39m\u001b[22m\n\n    \u001b[2mexpect(\u001b[22m\u001b[31mreceived\u001b[39m\u001b[2m).\u001b[22mtoBe\u001b[2m(\u001b[22m\u001b[32mexpected\u001b[39m\u001b[2m) // Object.is equality\u001b[22m\n\n    Expected: \u001b[32m200\u001b[39m\n    Received: \u001b[31m500\u001b[39m\n\u001b[2m\u001b[22m\n\u001b[2m    \u001b[0m \u001b[90m 38 |\u001b[39m             \u001b[33m.\u001b[39m\u001b[36mset\u001b[39m(\u001b[32m'Authorization'\u001b[39m\u001b[33m,\u001b[39m \u001b[32m`Bearer ${instructorToken}`\u001b[39m)\u001b[33m;\u001b[39m\u001b[22m\n\u001b[2m     \u001b[90m 39 |\u001b[39m\u001b[22m\n\u001b[2m    \u001b[31m\u001b[1m>\u001b[22m\u001b[2m\u001b[39m\u001b[90m 40 |\u001b[39m         expect(res\u001b[33m.\u001b[39mstatusCode)\u001b[33m.\u001b[39mtoBe(\u001b[35m200\u001b[39m)\u001b[33m;\u001b[39m\u001b[22m\n\u001b[2m     \u001b[90m    |\u001b[39m                                \u001b[31m\u001b[1m^\u001b[22m\u001b[2m\u001b[39m\u001b[22m\n\u001b[2m     \u001b[90m 41 |\u001b[39m         expect(res\u001b[33m.\u001b[39mbody\u001b[33m.\u001b[39mnodes\u001b[33m.\u001b[39mlength)\u001b[33m.\u001b[39mtoBe(\u001b[35m0\u001b[39m)\u001b[33m;\u001b[39m\u001b[22m\n\u001b[2m     \u001b[90m 42 |\u001b[39m         expect(res\u001b[33m.\u001b[39mbody\u001b[33m.\u001b[39mlinks\u001b[33m.\u001b[39mlength)\u001b[33m.\u001b[39mtoBe(\u001b[35m0\u001b[39m)\u001b[33m;\u001b[39m\u001b[22m\n\u001b[2m     \u001b[90m 43 |\u001b[39m     })\u001b[33m;\u001b[39m\u001b[0m\u001b[22m\n\u001b[2m\u001b[22m\n\u001b[2m      \u001b[2mat Object.<anonymous> (\u001b[22m\u001b[2m\u001b[0m\u001b[36mtests/analytics.test.js\u001b[39m\u001b[0m\u001b[2m:40:32)\u001b[22m\u001b[2m\u001b[22m\n\n\u001b[1m\u001b[31m  \u001b[1m● \u001b[22m\u001b[1mAnalytics API Engine (Collusion Graph) › Should accurately detect collusion (Jaccard > 85%) on matching answers\u001b[39m\u001b[22m\n\n    \u001b[2mexpect(\u001b[22m\u001b[31mreceived\u001b[39m\u001b[2m).\u001b[22mtoBe\u001b[2m(\u001b[22m\u001b[32mexpected\u001b[39m\u001b[2m) // Object.is equality\u001b[22m\n\n    Expected: \u001b[32m200\u001b[39m\n    Received: \u001b[31m500\u001b[39m\n\u001b[2m\u001b[22m\n\u001b[2m    \u001b[0m \u001b[90m 61 |\u001b[39m             \u001b[33m.\u001b[39m\u001b[36mset\u001b[39m(\u001b[32m'Authorization'\u001b[39m\u001b[33m,\u001b[39m \u001b[32m`Bearer ${instructorToken}`\u001b[39m)\u001b[33m;\u001b[39m\u001b[22m\n\u001b[2m     \u001b[90m 62 |\u001b[39m\u001b[22m\n\u001b[2m    \u001b[31m\u001b[1m>\u001b[22m\u001b[2m\u001b[39m\u001b[90m 63 |\u001b[39m         expect(res\u001b[33m.\u001b[39mstatusCode)\u001b[33m.\u001b[39mtoBe(\u001b[35m200\u001b[39m)\u001b[33m;\u001b[39m\u001b[22m\n\u001b[2m     \u001b[90m    |\u001b[39m                                \u001b[31m\u001b[1m^\u001b[22m\u001b[2m\u001b[39m\u001b[22m\n\u001b[2m     \u001b[90m 64 |\u001b[39m\u001b[22m\n\u001b[2m     \u001b[90m 65 |\u001b[39m         \u001b[90m// Assert Node Generation\u001b[39m\u001b[22m\n\u001b[2m     \u001b[90m 66 |\u001b[39m         expect(res\u001b[33m.\u001b[39mbody\u001b[33m.\u001b[39mnodes\u001b[33m.\u001b[39mlength)\u001b[33m.\u001b[39mtoBe(\u001b[35m2\u001b[39m)\u001b[33m;\u001b[39m\u001b[0m\u001b[22m\n\u001b[2m\u001b[22m\n\u001b[2m      \u001b[2mat Object.<anonymous> (\u001b[22m\u001b[2m\u001b[0m\u001b[36mtests/analytics.test.js\u001b[39m\u001b[0m\u001b[2m:63:32)\u001b[22m\u001b[2m\u001b[22m\n\n\u001b[1m\u001b[31m  \u001b[1m● \u001b[22m\u001b[1mAnalytics API Engine (Collusion Graph) › Should NOT link students if Jaccard similarity is low\u001b[39m\u001b[22m\n\n    \u001b[2mexpect(\u001b[22m\u001b[31mreceived\u001b[39m\u001b[2m).\u001b[22mtoBe\u001b[2m(\u001b[22m\u001b[32mexpected\u001b[39m\u001b[2m) // Object.is equality\u001b[22m\n\n    Expected: \u001b[32m200\u001b[39m\n    Received: \u001b[31m500\u001b[39m\n\u001b[2m\u001b[22m\n\u001b[2m    \u001b[0m \u001b[90m 90 |\u001b[39m             \u001b[33m.\u001b[39m\u001b[36mset\u001b[39m(\u001b[32m'Authorization'\u001b[39m\u001b[33m,\u001b[39m \u001b[32m`Bearer ${instructorToken}`\u001b[39m)\u001b[33m;\u001b[39m\u001b[22m\n\u001b[2m     \u001b[90m 91 |\u001b[39m\u001b[22m\n\u001b[2m    \u001b[31m\u001b[1m>\u001b[22m\u001b[2m\u001b[39m\u001b[90m 92 |\u001b[39m         expect(res\u001b[33m.\u001b[39mstatusCode)\u001b[33m.\u001b[39mtoBe(\u001b[35m200\u001b[39m)\u001b[33m;\u001b[39m\u001b[22m\n\u001b[2m     \u001b[90m    |\u001b[39m                                \u001b[31m\u001b[1m^\u001b[22m\u001b[2m\u001b[39m\u001b[22m\n\u001b[2m     \u001b[90m 93 |\u001b[39m         expect(res\u001b[33m.\u001b[39mbody\u001b[33m.\u001b[39mnodes\u001b[33m.\u001b[39mlength)\u001b[33m.\u001b[39mtoBe(\u001b[35m2\u001b[39m)\u001b[33m;\u001b[39m\u001b[22m\n\u001b[2m     \u001b[90m 94 |\u001b[39m         expect(res\u001b[33m.\u001b[39mbody\u001b[33m.\u001b[39mlinks\u001b[33m.\u001b[39mlength)\u001b[33m.\u001b[39mtoBe(\u001b[35m0\u001b[39m)\u001b[33m;\u001b[39m \u001b[90m// NO EDGE CREATED\u001b[39m\u001b[22m\n\u001b[2m     \u001b[90m 95 |\u001b[39m     })\u001b[33m;\u001b[39m\u001b[0m\u001b[22m\n\u001b[2m\u001b[22m\n\u001b[2m      \u001b[2mat Object.<anonymous> (\u001b[22m\u001b[2m\u001b[0m\u001b[36mtests/analytics.test.js\u001b[39m\u001b[0m\u001b[2m:92:32)\u001b[22m\u001b[2m\u001b[22m\n","name":"C:\\Users\\KEERTHIKA\\Downloads\\unified-assessment-platform-release_01\\unified-assessment-platform-release_01\\backend\\tests\\analytics.test.js","startTime":1772974338662,"status":"failed","summary":""}],"wasInterrupted":false}
